This file contains any messages produced by compilers while
running configure, to aid debugging if configure makes a mistake.

It was created by c-ares-test configure -, which was
generated by GNU Autoconf 2.69.  Invocation command line was

  $ ./configure --disable-option-checking --prefix=/home/jay/Projects/Smart/libs/target/x86 --cache-file=/dev/null --srcdir=.

## --------- ##
## Platform. ##
## --------- ##

hostname = jay-vb
uname -m = x86_64
uname -r = 4.4.0-31-generic
uname -s = Linux
uname -v = #50~14.04.1-Ubuntu SMP Wed Jul 13 01:07:32 UTC 2016

/usr/bin/uname -p = unknown
/bin/uname -X     = unknown

/bin/arch              = unknown
/usr/bin/arch -k       = unknown
/usr/convex/getsysinfo = unknown
/usr/bin/hostinfo      = unknown
/bin/machine           = unknown
/usr/bin/oslevel       = unknown
/bin/universe          = unknown

PATH: /usr/local/arm_linux_4.8/bin
PATH: /usr/local/sbin
PATH: /usr/local/bin
PATH: /usr/sbin
PATH: /usr/bin
PATH: /sbin
PATH: /bin
PATH: /usr/games
PATH: /usr/local/games
PATH: /home/platform/jayzhang/Projects/Paris-M/out/host/linux-x86/bin
PATH: /home/platform/jayzhang/Projects/intermec/ndk-r11
PATH: /home/platform/jayzhang/Projects/qemu/arm-2014.05/bin
PATH: /home/platform/jayzhang/scons-2.4.1/script


## ----------- ##
## Core tests. ##
## ----------- ##

configure:2426: checking for a BSD-compatible install
configure:2494: result: /usr/bin/install -c
configure:2505: checking whether build environment is sane
configure:2560: result: yes
configure:2711: checking for a thread-safe mkdir -p
configure:2750: result: /bin/mkdir -p
configure:2757: checking for gawk
configure:2787: result: no
configure:2757: checking for mawk
configure:2773: found /usr/bin/mawk
configure:2784: result: mawk
configure:2795: checking whether make sets $(MAKE)
configure:2817: result: yes
configure:2846: checking whether make supports nested variables
configure:2863: result: yes
configure:2991: checking whether make supports nested variables
configure:3008: result: yes
configure:3078: checking for g++
configure:3094: found /usr/bin/g++
configure:3105: result: g++
configure:3132: checking for C++ compiler version
configure:3141: g++ --version >&5
g++ (Ubuntu 4.8.4-2ubuntu1~14.04.3) 4.8.4
Copyright (C) 2013 Free Software Foundation, Inc.
This is free software; see the source for copying conditions.  There is NO
warranty; not even for MERCHANTABILITY or FITNESS FOR A PARTICULAR PURPOSE.

configure:3152: $? = 0
configure:3141: g++ -v >&5
Using built-in specs.
COLLECT_GCC=g++
COLLECT_LTO_WRAPPER=/usr/lib/gcc/x86_64-linux-gnu/4.8/lto-wrapper
Target: x86_64-linux-gnu
Configured with: ../src/configure -v --with-pkgversion='Ubuntu 4.8.4-2ubuntu1~14.04.3' --with-bugurl=file:///usr/share/doc/gcc-4.8/README.Bugs --enable-languages=c,c++,java,go,d,fortran,objc,obj-c++ --prefix=/usr --program-suffix=-4.8 --enable-shared --enable-linker-build-id --libexecdir=/usr/lib --without-included-gettext --enable-threads=posix --with-gxx-include-dir=/usr/include/c++/4.8 --libdir=/usr/lib --enable-nls --with-sysroot=/ --enable-clocale=gnu --enable-libstdcxx-debug --enable-libstdcxx-time=yes --enable-gnu-unique-object --disable-libmudflap --enable-plugin --with-system-zlib --disable-browser-plugin --enable-java-awt=gtk --enable-gtk-cairo --with-java-home=/usr/lib/jvm/java-1.5.0-gcj-4.8-amd64/jre --enable-java-home --with-jvm-root-dir=/usr/lib/jvm/java-1.5.0-gcj-4.8-amd64 --with-jvm-jar-dir=/usr/lib/jvm-exports/java-1.5.0-gcj-4.8-amd64 --with-arch-directory=amd64 --with-ecj-jar=/usr/share/java/eclipse-ecj.jar --enable-objc-gc --enable-multiarch --disable-werror --with-arch-32=i686 --with-abi=m64 --with-multilib-list=m32,m64,mx32 --with-tune=generic --enable-checking=release --build=x86_64-linux-gnu --host=x86_64-linux-gnu --target=x86_64-linux-gnu
Thread model: posix
gcc version 4.8.4 (Ubuntu 4.8.4-2ubuntu1~14.04.3) 
configure:3152: $? = 0
configure:3141: g++ -V >&5
g++: error: unrecognized command line option '-V'
g++: fatal error: no input files
compilation terminated.
configure:3152: $? = 4
configure:3141: g++ -qversion >&5
g++: error: unrecognized command line option '-qversion'
g++: fatal error: no input files
compilation terminated.
configure:3152: $? = 4
configure:3172: checking whether the C++ compiler works
configure:3194: g++    conftest.cpp  >&5
configure:3198: $? = 0
configure:3246: result: yes
configure:3249: checking for C++ compiler default output file name
configure:3251: result: a.out
configure:3257: checking for suffix of executables
configure:3264: g++ -o conftest    conftest.cpp  >&5
configure:3268: $? = 0
configure:3290: result: 
configure:3312: checking whether we are cross compiling
configure:3320: g++ -o conftest    conftest.cpp  >&5
configure:3324: $? = 0
configure:3331: ./conftest
configure:3335: $? = 0
configure:3350: result: no
configure:3355: checking for suffix of object files
configure:3377: g++ -c   conftest.cpp >&5
configure:3381: $? = 0
configure:3402: result: o
configure:3406: checking whether we are using the GNU C++ compiler
configure:3425: g++ -c   conftest.cpp >&5
configure:3425: $? = 0
configure:3434: result: yes
configure:3443: checking whether g++ accepts -g
configure:3463: g++ -c -g  conftest.cpp >&5
configure:3463: $? = 0
configure:3504: result: yes
configure:3538: checking for style of include used by make
configure:3566: result: GNU
configure:3592: checking dependency style of g++
configure:3703: result: gcc3
configure:3726: checking whether g++ supports C++11 features by default
configure:3781: g++ -c -g -O2  conftest.cpp >&5
conftest.cpp:13:21: error: expected identifier before 'sizeof'
       static_assert(sizeof(int) <= sizeof(T), "not big enough");
                     ^
conftest.cpp:13:21: error: expected ',' or '...' before 'sizeof'
conftest.cpp:13:63: error: ISO C++ forbids declaration of 'static_assert' with no type [-fpermissive]
       static_assert(sizeof(int) <= sizeof(T), "not big enough");
                                                               ^
conftest.cpp:20:20: warning: override controls (override/final) only available with -std=c++11 or -std=gnu++11 [enabled by default]
     virtual void f() override {}
                    ^
conftest.cpp:23:29: error: '>>' should be '> >' within a nested template argument list
     typedef check<check<bool>> right_angle_brackets;
                             ^
conftest.cpp:26:13: error: expected constructor, destructor, or type conversion before '(' token
     decltype(a) b;
             ^
conftest.cpp:30:15: error: expected unqualified-id before '&&' token
     check_type&& cr = static_cast<check_type&&>(c);
               ^
conftest.cpp:32:10: error: 'd' does not name a type
     auto d = a;
          ^
conftest.cpp:33:10: error: 'l' does not name a type
     auto l = [](){};
          ^
conftest.cpp:41:9: error: expected unqualified-id before 'using'
         using member = typename T::member_type;
         ^
conftest.cpp:47:19: error: variable or field 'func' declared void
         void func(member<T>*) {}
                   ^
conftest.cpp:47:19: error: 'member' was not declared in this scope
conftest.cpp:47:27: error: expected primary-expression before '>' token
         void func(member<T>*) {}
                           ^
conftest.cpp:47:29: error: expected primary-expression before ')' token
         void func(member<T>*) {}
                             ^
configure:3781: $? = 1
configure: failed program was:
| /* confdefs.h */
| #define PACKAGE_NAME "c-ares-test"
| #define PACKAGE_TARNAME "c-ares-test"
| #define PACKAGE_VERSION "-"
| #define PACKAGE_STRING "c-ares-test -"
| #define PACKAGE_BUGREPORT "-"
| #define PACKAGE_URL ""
| /* end confdefs.h.  */
| 
|   template <typename T>
|     struct check
|     {
|       static_assert(sizeof(int) <= sizeof(T), "not big enough");
|     };
| 
|     struct Base {
|     virtual void f() {}
|     };
|     struct Child : public Base {
|     virtual void f() override {}
|     };
| 
|     typedef check<check<bool>> right_angle_brackets;
| 
|     int a;
|     decltype(a) b;
| 
|     typedef check<int> check_type;
|     check_type c;
|     check_type&& cr = static_cast<check_type&&>(c);
| 
|     auto d = a;
|     auto l = [](){};
| 
|     // http://stackoverflow.com/questions/13728184/template-aliases-and-sfinae
|     // Clang 3.1 fails with headers of libstd++ 4.8.3 when using std::function because of this
|     namespace test_template_alias_sfinae {
|         struct foo {};
| 
|         template<typename T>
|         using member = typename T::member_type;
| 
|         template<typename T>
|         void func(...) {}
| 
|         template<typename T>
|         void func(member<T>*) {}
| 
|         void test();
| 
|         void test() {
|             func<foo>(0);
|         }
|     }
| 
configure:3788: result: no
configure:3799: checking whether g++ supports C++11 features with -std=c++11
configure:3856: g++ -c -g -O2 -std=c++11  conftest.cpp >&5
configure:3856: $? = 0
configure:3865: result: yes
configure:3928: checking build system type
configure:3942: result: x86_64-pc-linux-gnu
configure:3962: checking host system type
configure:3975: result: x86_64-pc-linux-gnu
configure:4016: checking how to print strings
configure:4043: result: printf
configure:4112: checking for gcc
configure:4128: found /usr/bin/gcc
configure:4139: result: gcc
configure:4368: checking for C compiler version
configure:4377: gcc --version >&5
gcc (Ubuntu 4.8.4-2ubuntu1~14.04.3) 4.8.4
Copyright (C) 2013 Free Software Foundation, Inc.
This is free software; see the source for copying conditions.  There is NO
warranty; not even for MERCHANTABILITY or FITNESS FOR A PARTICULAR PURPOSE.

configure:4388: $? = 0
configure:4377: gcc -v >&5
Using built-in specs.
COLLECT_GCC=gcc
COLLECT_LTO_WRAPPER=/usr/lib/gcc/x86_64-linux-gnu/4.8/lto-wrapper
Target: x86_64-linux-gnu
Configured with: ../src/configure -v --with-pkgversion='Ubuntu 4.8.4-2ubuntu1~14.04.3' --with-bugurl=file:///usr/share/doc/gcc-4.8/README.Bugs --enable-languages=c,c++,java,go,d,fortran,objc,obj-c++ --prefix=/usr --program-suffix=-4.8 --enable-shared --enable-linker-build-id --libexecdir=/usr/lib --without-included-gettext --enable-threads=posix --with-gxx-include-dir=/usr/include/c++/4.8 --libdir=/usr/lib --enable-nls --with-sysroot=/ --enable-clocale=gnu --enable-libstdcxx-debug --enable-libstdcxx-time=yes --enable-gnu-unique-object --disable-libmudflap --enable-plugin --with-system-zlib --disable-browser-plugin --enable-java-awt=gtk --enable-gtk-cairo --with-java-home=/usr/lib/jvm/java-1.5.0-gcj-4.8-amd64/jre --enable-java-home --with-jvm-root-dir=/usr/lib/jvm/java-1.5.0-gcj-4.8-amd64 --with-jvm-jar-dir=/usr/lib/jvm-exports/java-1.5.0-gcj-4.8-amd64 --with-arch-directory=amd64 --with-ecj-jar=/usr/share/java/eclipse-ecj.jar --enable-objc-gc --enable-multiarch --disable-werror --with-arch-32=i686 --with-abi=m64 --with-multilib-list=m32,m64,mx32 --with-tune=generic --enable-checking=release --build=x86_64-linux-gnu --host=x86_64-linux-gnu --target=x86_64-linux-gnu
Thread model: posix
gcc version 4.8.4 (Ubuntu 4.8.4-2ubuntu1~14.04.3) 
configure:4388: $? = 0
configure:4377: gcc -V >&5
gcc: error: unrecognized command line option '-V'
gcc: fatal error: no input files
compilation terminated.
configure:4388: $? = 4
configure:4377: gcc -qversion >&5
gcc: error: unrecognized command line option '-qversion'
gcc: fatal error: no input files
compilation terminated.
configure:4388: $? = 4
configure:4392: checking whether we are using the GNU C compiler
configure:4411: gcc -c   conftest.c >&5
configure:4411: $? = 0
configure:4420: result: yes
configure:4429: checking whether gcc accepts -g
configure:4449: gcc -c -g  conftest.c >&5
configure:4449: $? = 0
configure:4490: result: yes
configure:4507: checking for gcc option to accept ISO C89
configure:4570: gcc  -c -g -O2  conftest.c >&5
configure:4570: $? = 0
configure:4583: result: none needed
configure:4608: checking whether gcc understands -c and -o together
configure:4630: gcc -c conftest.c -o conftest2.o
configure:4633: $? = 0
configure:4630: gcc -c conftest.c -o conftest2.o
configure:4633: $? = 0
configure:4645: result: yes
configure:4664: checking dependency style of gcc
configure:4775: result: gcc3
configure:4790: checking for a sed that does not truncate output
configure:4854: result: /bin/sed
configure:4872: checking for grep that handles long lines and -e
configure:4930: result: /bin/grep
configure:4935: checking for egrep
configure:4997: result: /bin/grep -E
configure:5002: checking for fgrep
configure:5064: result: /bin/grep -F
configure:5099: checking for ld used by gcc
configure:5166: result: /usr/bin/ld
configure:5173: checking if the linker (/usr/bin/ld) is GNU ld
configure:5188: result: yes
configure:5200: checking for BSD- or MS-compatible name lister (nm)
configure:5254: result: /usr/bin/nm -B
configure:5384: checking the name lister (/usr/bin/nm -B) interface
configure:5391: gcc -c -g -O2  conftest.c >&5
configure:5394: /usr/bin/nm -B "conftest.o"
configure:5397: output
0000000000000000 B some_variable
configure:5404: result: BSD nm
configure:5407: checking whether ln -s works
configure:5411: result: yes
configure:5419: checking the maximum length of command line arguments
configure:5550: result: 1572864
configure:5598: checking how to convert x86_64-pc-linux-gnu file names to x86_64-pc-linux-gnu format
configure:5638: result: func_convert_file_noop
configure:5645: checking how to convert x86_64-pc-linux-gnu file names to toolchain format
configure:5665: result: func_convert_file_noop
configure:5672: checking for /usr/bin/ld option to reload object files
configure:5679: result: -r
configure:5753: checking for objdump
configure:5769: found /usr/bin/objdump
configure:5780: result: objdump
configure:5812: checking how to recognize dependent libraries
configure:6012: result: pass_all
configure:6097: checking for dlltool
configure:6127: result: no
configure:6157: checking how to associate runtime and link libraries
configure:6184: result: printf %s\n
configure:6245: checking for ar
configure:6261: found /usr/bin/ar
configure:6272: result: ar
configure:6309: checking for archiver @FILE support
configure:6326: gcc -c -g -O2  conftest.c >&5
configure:6326: $? = 0
configure:6329: ar cru libconftest.a @conftest.lst >&5
configure:6332: $? = 0
configure:6337: ar cru libconftest.a @conftest.lst >&5
ar: conftest.o: No such file or directory
configure:6340: $? = 1
configure:6352: result: @
configure:6410: checking for strip
configure:6426: found /usr/bin/strip
configure:6437: result: strip
configure:6509: checking for ranlib
configure:6525: found /usr/bin/ranlib
configure:6536: result: ranlib
configure:6638: checking command to parse /usr/bin/nm -B output from gcc object
configure:6791: gcc -c -g -O2  conftest.c >&5
configure:6794: $? = 0
configure:6798: /usr/bin/nm -B conftest.o \| sed -n -e 's/^.*[ ]\([ABCDGIRSTW][ABCDGIRSTW]*\)[ ][ ]*\([_A-Za-z][_A-Za-z0-9]*\)$/\1 \2 \2/p' | sed '/ __gnu_lto/d' \> conftest.nm
configure:6801: $? = 0
configure:6867: gcc -o conftest -g -O2   conftest.c conftstm.o >&5
configure:6870: $? = 0
configure:6908: result: ok
configure:6955: checking for sysroot
configure:6985: result: no
configure:6992: checking for a working dd
configure:7030: result: /bin/dd
configure:7034: checking how to truncate binary pipes
configure:7049: result: /bin/dd bs=4096 count=1
configure:7185: gcc -c -g -O2  conftest.c >&5
configure:7188: $? = 0
configure:7378: checking for mt
configure:7394: found /bin/mt
configure:7405: result: mt
configure:7428: checking if mt is a manifest tool
configure:7434: mt '-?'
configure:7442: result: no
configure:8119: checking how to run the C preprocessor
configure:8150: gcc -E  conftest.c
configure:8150: $? = 0
configure:8164: gcc -E  conftest.c
conftest.c:9:28: fatal error: ac_nonexistent.h: No such file or directory
 #include <ac_nonexistent.h>
                            ^
compilation terminated.
configure:8164: $? = 1
configure: failed program was:
| /* confdefs.h */
| #define PACKAGE_NAME "c-ares-test"
| #define PACKAGE_TARNAME "c-ares-test"
| #define PACKAGE_VERSION "-"
| #define PACKAGE_STRING "c-ares-test -"
| #define PACKAGE_BUGREPORT "-"
| #define PACKAGE_URL ""
| /* end confdefs.h.  */
| #include <ac_nonexistent.h>
configure:8189: result: gcc -E
configure:8209: gcc -E  conftest.c
configure:8209: $? = 0
configure:8223: gcc -E  conftest.c
conftest.c:9:28: fatal error: ac_nonexistent.h: No such file or directory
 #include <ac_nonexistent.h>
                            ^
compilation terminated.
configure:8223: $? = 1
configure: failed program was:
| /* confdefs.h */
| #define PACKAGE_NAME "c-ares-test"
| #define PACKAGE_TARNAME "c-ares-test"
| #define PACKAGE_VERSION "-"
| #define PACKAGE_STRING "c-ares-test -"
| #define PACKAGE_BUGREPORT "-"
| #define PACKAGE_URL ""
| /* end confdefs.h.  */
| #include <ac_nonexistent.h>
configure:8252: checking for ANSI C header files
configure:8272: gcc -c -g -O2  conftest.c >&5
configure:8272: $? = 0
configure:8345: gcc -o conftest -g -O2   conftest.c  >&5
configure:8345: $? = 0
configure:8345: ./conftest
configure:8345: $? = 0
configure:8356: result: yes
configure:8369: checking for sys/types.h
configure:8369: gcc -c -g -O2  conftest.c >&5
configure:8369: $? = 0
configure:8369: result: yes
configure:8369: checking for sys/stat.h
configure:8369: gcc -c -g -O2  conftest.c >&5
configure:8369: $? = 0
configure:8369: result: yes
configure:8369: checking for stdlib.h
configure:8369: gcc -c -g -O2  conftest.c >&5
configure:8369: $? = 0
configure:8369: result: yes
configure:8369: checking for string.h
configure:8369: gcc -c -g -O2  conftest.c >&5
configure:8369: $? = 0
configure:8369: result: yes
configure:8369: checking for memory.h
configure:8369: gcc -c -g -O2  conftest.c >&5
configure:8369: $? = 0
configure:8369: result: yes
configure:8369: checking for strings.h
configure:8369: gcc -c -g -O2  conftest.c >&5
configure:8369: $? = 0
configure:8369: result: yes
configure:8369: checking for inttypes.h
configure:8369: gcc -c -g -O2  conftest.c >&5
configure:8369: $? = 0
configure:8369: result: yes
configure:8369: checking for stdint.h
configure:8369: gcc -c -g -O2  conftest.c >&5
configure:8369: $? = 0
configure:8369: result: yes
configure:8369: checking for unistd.h
configure:8369: gcc -c -g -O2  conftest.c >&5
configure:8369: $? = 0
configure:8369: result: yes
configure:8383: checking for dlfcn.h
configure:8383: gcc -c -g -O2  conftest.c >&5
configure:8383: $? = 0
configure:8383: result: yes
configure:8649: checking for objdir
configure:8664: result: .libs
configure:8928: checking if gcc supports -fno-rtti -fno-exceptions
configure:8946: gcc -c -g -O2  -fno-rtti -fno-exceptions conftest.c >&5
cc1: warning: command line option '-fno-rtti' is valid for C++/ObjC++ but not for C [enabled by default]
configure:8950: $? = 0
configure:8963: result: no
configure:9321: checking for gcc option to produce PIC
configure:9328: result: -fPIC -DPIC
configure:9336: checking if gcc PIC flag -fPIC -DPIC works
configure:9354: gcc -c -g -O2  -fPIC -DPIC -DPIC conftest.c >&5
configure:9358: $? = 0
configure:9371: result: yes
configure:9400: checking if gcc static flag -static works
configure:9428: result: yes
configure:9443: checking if gcc supports -c -o file.o
configure:9464: gcc -c -g -O2  -o out/conftest2.o conftest.c >&5
configure:9468: $? = 0
configure:9490: result: yes
configure:9498: checking if gcc supports -c -o file.o
configure:9545: result: yes
configure:9578: checking whether the gcc linker (/usr/bin/ld -m elf_x86_64) supports shared libraries
configure:10841: result: yes
configure:10878: checking whether -lc should be explicitly linked in
configure:10886: gcc -c -g -O2  conftest.c >&5
configure:10889: $? = 0
configure:10904: gcc -shared  -fPIC -DPIC conftest.o  -v -Wl,-soname -Wl,conftest -o conftest 2\>\&1 \| /bin/grep  -lc  \>/dev/null 2\>\&1
configure:10907: $? = 0
configure:10921: result: no
configure:11081: checking dynamic linker characteristics
configure:11662: gcc -o conftest -g -O2   -Wl,-rpath -Wl,/foo conftest.c  >&5
configure:11662: $? = 0
configure:11911: result: GNU/Linux ld.so
configure:12033: checking how to hardcode library paths into programs
configure:12058: result: immediate
configure:12606: checking whether stripping libraries is possible
configure:12611: result: yes
configure:12646: checking if libtool supports shared libraries
configure:12648: result: yes
configure:12651: checking whether to build shared libraries
configure:12676: result: yes
configure:12679: checking whether to build static libraries
configure:12683: result: yes
configure:12706: checking how to run the C++ preprocessor
configure:12733: g++ -E  conftest.cpp
configure:12733: $? = 0
configure:12747: g++ -E  conftest.cpp
conftest.cpp:21:28: fatal error: ac_nonexistent.h: No such file or directory
 #include <ac_nonexistent.h>
                            ^
compilation terminated.
configure:12747: $? = 1
configure: failed program was:
| /* confdefs.h */
| #define PACKAGE_NAME "c-ares-test"
| #define PACKAGE_TARNAME "c-ares-test"
| #define PACKAGE_VERSION "-"
| #define PACKAGE_STRING "c-ares-test -"
| #define PACKAGE_BUGREPORT "-"
| #define PACKAGE_URL ""
| #define STDC_HEADERS 1
| #define HAVE_SYS_TYPES_H 1
| #define HAVE_SYS_STAT_H 1
| #define HAVE_STDLIB_H 1
| #define HAVE_STRING_H 1
| #define HAVE_MEMORY_H 1
| #define HAVE_STRINGS_H 1
| #define HAVE_INTTYPES_H 1
| #define HAVE_STDINT_H 1
| #define HAVE_UNISTD_H 1
| #define HAVE_DLFCN_H 1
| #define LT_OBJDIR ".libs/"
| /* end confdefs.h.  */
| #include <ac_nonexistent.h>
configure:12772: result: g++ -E
configure:12792: g++ -E  conftest.cpp
configure:12792: $? = 0
configure:12806: g++ -E  conftest.cpp
conftest.cpp:21:28: fatal error: ac_nonexistent.h: No such file or directory
 #include <ac_nonexistent.h>
                            ^
compilation terminated.
configure:12806: $? = 1
configure: failed program was:
| /* confdefs.h */
| #define PACKAGE_NAME "c-ares-test"
| #define PACKAGE_TARNAME "c-ares-test"
| #define PACKAGE_VERSION "-"
| #define PACKAGE_STRING "c-ares-test -"
| #define PACKAGE_BUGREPORT "-"
| #define PACKAGE_URL ""
| #define STDC_HEADERS 1
| #define HAVE_SYS_TYPES_H 1
| #define HAVE_SYS_STAT_H 1
| #define HAVE_STDLIB_H 1
| #define HAVE_STRING_H 1
| #define HAVE_MEMORY_H 1
| #define HAVE_STRINGS_H 1
| #define HAVE_INTTYPES_H 1
| #define HAVE_STDINT_H 1
| #define HAVE_UNISTD_H 1
| #define HAVE_DLFCN_H 1
| #define LT_OBJDIR ".libs/"
| /* end confdefs.h.  */
| #include <ac_nonexistent.h>
configure:12968: checking for ld used by g++
configure:13035: result: /usr/bin/ld -m elf_x86_64
configure:13042: checking if the linker (/usr/bin/ld -m elf_x86_64) is GNU ld
configure:13057: result: yes
configure:13112: checking whether the g++ linker (/usr/bin/ld -m elf_x86_64) supports shared libraries
configure:14185: result: yes
configure:14221: g++ -c -g -O2 -std=c++11  conftest.cpp >&5
configure:14224: $? = 0
configure:14705: checking for g++ option to produce PIC
configure:14712: result: -fPIC -DPIC
configure:14720: checking if g++ PIC flag -fPIC -DPIC works
configure:14738: g++ -c -g -O2 -std=c++11  -fPIC -DPIC -DPIC conftest.cpp >&5
configure:14742: $? = 0
configure:14755: result: yes
configure:14778: checking if g++ static flag -static works
configure:14806: result: yes
configure:14818: checking if g++ supports -c -o file.o
configure:14839: g++ -c -g -O2 -std=c++11  -o out/conftest2.o conftest.cpp >&5
configure:14843: $? = 0
configure:14865: result: yes
configure:14870: checking if g++ supports -c -o file.o
configure:14917: result: yes
configure:14947: checking whether the g++ linker (/usr/bin/ld -m elf_x86_64) supports shared libraries
configure:14990: result: yes
configure:15131: checking dynamic linker characteristics
configure:15888: result: GNU/Linux ld.so
configure:15953: checking how to hardcode library paths into programs
configure:15978: result: immediate
configure:16152: checking if compiler needs -Werror to reject unknown flags
configure:16168: gcc -c -g -O2 -Werror -Wunknown-warning-option -Wsizeof-array-argument  conftest.c >&5
gcc: error: unrecognized command line option '-Wunknown-warning-option'
gcc: error: unrecognized command line option '-Wsizeof-array-argument'
configure:16168: $? = 1
configure: failed program was:
| /* confdefs.h */
| #define PACKAGE_NAME "c-ares-test"
| #define PACKAGE_TARNAME "c-ares-test"
| #define PACKAGE_VERSION "-"
| #define PACKAGE_STRING "c-ares-test -"
| #define PACKAGE_BUGREPORT "-"
| #define PACKAGE_URL ""
| #define STDC_HEADERS 1
| #define HAVE_SYS_TYPES_H 1
| #define HAVE_SYS_STAT_H 1
| #define HAVE_STDLIB_H 1
| #define HAVE_STRING_H 1
| #define HAVE_MEMORY_H 1
| #define HAVE_STRINGS_H 1
| #define HAVE_INTTYPES_H 1
| #define HAVE_STDINT_H 1
| #define HAVE_UNISTD_H 1
| #define HAVE_DLFCN_H 1
| #define LT_OBJDIR ".libs/"
| /* end confdefs.h.  */
| int foo(void);
| int
| main ()
| {
| foo()
|   ;
|   return 0;
| }
configure:16173: result: no
configure:16239: checking for the pthreads library -lpthreads
configure:16277: gcc -o conftest -g -O2     conftest.c -lpthreads  >&5
/usr/bin/ld: cannot find -lpthreads
collect2: error: ld returned 1 exit status
configure:16277: $? = 1
configure: failed program was:
| /* confdefs.h */
| #define PACKAGE_NAME "c-ares-test"
| #define PACKAGE_TARNAME "c-ares-test"
| #define PACKAGE_VERSION "-"
| #define PACKAGE_STRING "c-ares-test -"
| #define PACKAGE_BUGREPORT "-"
| #define PACKAGE_URL ""
| #define STDC_HEADERS 1
| #define HAVE_SYS_TYPES_H 1
| #define HAVE_SYS_STAT_H 1
| #define HAVE_STDLIB_H 1
| #define HAVE_STRING_H 1
| #define HAVE_MEMORY_H 1
| #define HAVE_STRINGS_H 1
| #define HAVE_INTTYPES_H 1
| #define HAVE_STDINT_H 1
| #define HAVE_UNISTD_H 1
| #define HAVE_DLFCN_H 1
| #define LT_OBJDIR ".libs/"
| /* end confdefs.h.  */
| #include <pthread.h>
|                         static void routine(void *a) { a = 0; }
|                         static void *start_routine(void *a) { return a; }
| int
| main ()
| {
| pthread_t th; pthread_attr_t attr;
|                         pthread_create(&th, 0, start_routine, 0);
|                         pthread_join(th, 0);
|                         pthread_attr_init(&attr);
|                         pthread_cleanup_push(routine, 0);
|                         pthread_cleanup_pop(0) /* ; */
|   ;
|   return 0;
| }
configure:16286: result: no
configure:16184: checking whether pthreads work without any flags
configure:16277: gcc -o conftest -g -O2     conftest.c   >&5
/tmp/ccK0N7Z4.o: In function `main':
/home/jay/Projects/Smart/libs/c-ares-1.12.0/test/conftest.c:28: undefined reference to `pthread_create'
/home/jay/Projects/Smart/libs/c-ares-1.12.0/test/conftest.c:29: undefined reference to `pthread_join'
/home/jay/Projects/Smart/libs/c-ares-1.12.0/test/conftest.c:31: undefined reference to `__pthread_register_cancel'
/home/jay/Projects/Smart/libs/c-ares-1.12.0/test/conftest.c:32: undefined reference to `__pthread_unregister_cancel'
collect2: error: ld returned 1 exit status
configure:16277: $? = 1
configure: failed program was:
| /* confdefs.h */
| #define PACKAGE_NAME "c-ares-test"
| #define PACKAGE_TARNAME "c-ares-test"
| #define PACKAGE_VERSION "-"
| #define PACKAGE_STRING "c-ares-test -"
| #define PACKAGE_BUGREPORT "-"
| #define PACKAGE_URL ""
| #define STDC_HEADERS 1
| #define HAVE_SYS_TYPES_H 1
| #define HAVE_SYS_STAT_H 1
| #define HAVE_STDLIB_H 1
| #define HAVE_STRING_H 1
| #define HAVE_MEMORY_H 1
| #define HAVE_STRINGS_H 1
| #define HAVE_INTTYPES_H 1
| #define HAVE_STDINT_H 1
| #define HAVE_UNISTD_H 1
| #define HAVE_DLFCN_H 1
| #define LT_OBJDIR ".libs/"
| /* end confdefs.h.  */
| #include <pthread.h>
|                         static void routine(void *a) { a = 0; }
|                         static void *start_routine(void *a) { return a; }
| int
| main ()
| {
| pthread_t th; pthread_attr_t attr;
|                         pthread_create(&th, 0, start_routine, 0);
|                         pthread_join(th, 0);
|                         pthread_attr_init(&attr);
|                         pthread_cleanup_push(routine, 0);
|                         pthread_cleanup_pop(0) /* ; */
|   ;
|   return 0;
| }
configure:16286: result: no
configure:16189: checking whether pthreads work with -Kthread
configure:16277: gcc -o conftest -g -O2 -Kthread    conftest.c   >&5
gcc: error: unrecognized command line option '-Kthread'
configure:16277: $? = 1
configure: failed program was:
| /* confdefs.h */
| #define PACKAGE_NAME "c-ares-test"
| #define PACKAGE_TARNAME "c-ares-test"
| #define PACKAGE_VERSION "-"
| #define PACKAGE_STRING "c-ares-test -"
| #define PACKAGE_BUGREPORT "-"
| #define PACKAGE_URL ""
| #define STDC_HEADERS 1
| #define HAVE_SYS_TYPES_H 1
| #define HAVE_SYS_STAT_H 1
| #define HAVE_STDLIB_H 1
| #define HAVE_STRING_H 1
| #define HAVE_MEMORY_H 1
| #define HAVE_STRINGS_H 1
| #define HAVE_INTTYPES_H 1
| #define HAVE_STDINT_H 1
| #define HAVE_UNISTD_H 1
| #define HAVE_DLFCN_H 1
| #define LT_OBJDIR ".libs/"
| /* end confdefs.h.  */
| #include <pthread.h>
|                         static void routine(void *a) { a = 0; }
|                         static void *start_routine(void *a) { return a; }
| int
| main ()
| {
| pthread_t th; pthread_attr_t attr;
|                         pthread_create(&th, 0, start_routine, 0);
|                         pthread_join(th, 0);
|                         pthread_attr_init(&attr);
|                         pthread_cleanup_push(routine, 0);
|                         pthread_cleanup_pop(0) /* ; */
|   ;
|   return 0;
| }
configure:16286: result: no
configure:16189: checking whether pthreads work with -kthread
configure:16277: gcc -o conftest -g -O2 -kthread    conftest.c   >&5
gcc: error: unrecognized command line option '-kthread'
configure:16277: $? = 1
configure: failed program was:
| /* confdefs.h */
| #define PACKAGE_NAME "c-ares-test"
| #define PACKAGE_TARNAME "c-ares-test"
| #define PACKAGE_VERSION "-"
| #define PACKAGE_STRING "c-ares-test -"
| #define PACKAGE_BUGREPORT "-"
| #define PACKAGE_URL ""
| #define STDC_HEADERS 1
| #define HAVE_SYS_TYPES_H 1
| #define HAVE_SYS_STAT_H 1
| #define HAVE_STDLIB_H 1
| #define HAVE_STRING_H 1
| #define HAVE_MEMORY_H 1
| #define HAVE_STRINGS_H 1
| #define HAVE_INTTYPES_H 1
| #define HAVE_STDINT_H 1
| #define HAVE_UNISTD_H 1
| #define HAVE_DLFCN_H 1
| #define LT_OBJDIR ".libs/"
| /* end confdefs.h.  */
| #include <pthread.h>
|                         static void routine(void *a) { a = 0; }
|                         static void *start_routine(void *a) { return a; }
| int
| main ()
| {
| pthread_t th; pthread_attr_t attr;
|                         pthread_create(&th, 0, start_routine, 0);
|                         pthread_join(th, 0);
|                         pthread_attr_init(&attr);
|                         pthread_cleanup_push(routine, 0);
|                         pthread_cleanup_pop(0) /* ; */
|   ;
|   return 0;
| }
configure:16286: result: no
configure:16239: checking for the pthreads library -llthread
configure:16277: gcc -o conftest -g -O2     conftest.c -llthread  >&5
/usr/bin/ld: cannot find -llthread
collect2: error: ld returned 1 exit status
configure:16277: $? = 1
configure: failed program was:
| /* confdefs.h */
| #define PACKAGE_NAME "c-ares-test"
| #define PACKAGE_TARNAME "c-ares-test"
| #define PACKAGE_VERSION "-"
| #define PACKAGE_STRING "c-ares-test -"
| #define PACKAGE_BUGREPORT "-"
| #define PACKAGE_URL ""
| #define STDC_HEADERS 1
| #define HAVE_SYS_TYPES_H 1
| #define HAVE_SYS_STAT_H 1
| #define HAVE_STDLIB_H 1
| #define HAVE_STRING_H 1
| #define HAVE_MEMORY_H 1
| #define HAVE_STRINGS_H 1
| #define HAVE_INTTYPES_H 1
| #define HAVE_STDINT_H 1
| #define HAVE_UNISTD_H 1
| #define HAVE_DLFCN_H 1
| #define LT_OBJDIR ".libs/"
| /* end confdefs.h.  */
| #include <pthread.h>
|                         static void routine(void *a) { a = 0; }
|                         static void *start_routine(void *a) { return a; }
| int
| main ()
| {
| pthread_t th; pthread_attr_t attr;
|                         pthread_create(&th, 0, start_routine, 0);
|                         pthread_join(th, 0);
|                         pthread_attr_init(&attr);
|                         pthread_cleanup_push(routine, 0);
|                         pthread_cleanup_pop(0) /* ; */
|   ;
|   return 0;
| }
configure:16286: result: no
configure:16189: checking whether pthreads work with -pthread
configure:16277: gcc -o conftest -g -O2 -pthread    conftest.c   >&5
configure:16277: $? = 0
configure:16286: result: yes
configure:16305: checking for joinable pthread attribute
configure:16320: gcc -o conftest -g -O2 -pthread   conftest.c   >&5
configure:16320: $? = 0
configure:16326: result: PTHREAD_CREATE_JOINABLE
configure:16336: checking if more special flags are required for pthreads
configure:16351: result: no
configure:16357: checking for PTHREAD_PRIO_INHERIT
configure:16374: gcc -o conftest -g -O2 -pthread   conftest.c   >&5
configure:16374: $? = 0
configure:16383: result: yes
configure:16495: checking whether to build with code coverage support
configure:16515: result: no
configure:16824: checking whether user namespaces are supported
configure:16875: gcc -o conftest -g -O2   conftest.c  >&5
configure:16875: $? = 0
configure:16875: ./conftest
configure:16875: $? = 0
configure:16892: result: yes
configure:16900: checking whether UTS namespaces are supported
configure:16971: gcc -o conftest -g -O2   conftest.c  >&5
conftest.c: In function 'main':
conftest.c:67:8: warning: ignoring return value of 'write', declared with attribute warn_unused_result [-Wunused-result]
   write(fd, buffer, strlen(buffer));
        ^
configure:16971: $? = 0
configure:16971: ./conftest
configure:16971: $? = 0
configure:16988: result: yes
configure:17000: checking netdb.h usability
configure:17000: gcc -c -g -O2  conftest.c >&5
configure:17000: $? = 0
configure:17000: result: yes
configure:17000: checking netdb.h presence
configure:17000: gcc -E  conftest.c
configure:17000: $? = 0
configure:17000: result: yes
configure:17000: checking for netdb.h
configure:17000: result: yes
configure:17000: checking netinet/tcp.h usability
configure:17000: gcc -c -g -O2  conftest.c >&5
configure:17000: $? = 0
configure:17000: result: yes
configure:17000: checking netinet/tcp.h presence
configure:17000: gcc -E  conftest.c
configure:17000: $? = 0
configure:17000: result: yes
configure:17000: checking for netinet/tcp.h
configure:17000: result: yes
configure:17123: checking that generated files are newer than configure
configure:17129: result: done
configure:17160: creating ./config.status

## ---------------------- ##
## Running config.status. ##
## ---------------------- ##

This file was extended by c-ares-test config.status -, which was
generated by GNU Autoconf 2.69.  Invocation command line was

  CONFIG_FILES    = 
  CONFIG_HEADERS  = 
  CONFIG_LINKS    = 
  CONFIG_COMMANDS = 
  $ ./config.status 

on jay-vb

config.status:1166: creating Makefile
config.status:1166: creating config.h
config.status:1395: executing depfiles commands
config.status:1395: executing libtool commands

## ---------------- ##
## Cache variables. ##
## ---------------- ##

ac_cv_build=x86_64-pc-linux-gnu
ac_cv_c_compiler_gnu=yes
ac_cv_cxx_compiler_gnu=yes
ac_cv_env_CCC_set=
ac_cv_env_CCC_value=
ac_cv_env_CC_set=
ac_cv_env_CC_value=
ac_cv_env_CFLAGS_set=
ac_cv_env_CFLAGS_value=
ac_cv_env_CPPFLAGS_set=
ac_cv_env_CPPFLAGS_value=
ac_cv_env_CPP_set=
ac_cv_env_CPP_value=
ac_cv_env_CXXCPP_set=
ac_cv_env_CXXCPP_value=
ac_cv_env_CXXFLAGS_set=
ac_cv_env_CXXFLAGS_value=
ac_cv_env_CXX_set=
ac_cv_env_CXX_value=
ac_cv_env_LDFLAGS_set=
ac_cv_env_LDFLAGS_value=
ac_cv_env_LIBS_set=
ac_cv_env_LIBS_value=
ac_cv_env_LT_SYS_LIBRARY_PATH_set=
ac_cv_env_LT_SYS_LIBRARY_PATH_value=
ac_cv_env_build_alias_set=
ac_cv_env_build_alias_value=
ac_cv_env_host_alias_set=
ac_cv_env_host_alias_value=
ac_cv_env_target_alias_set=
ac_cv_env_target_alias_value=
ac_cv_header_dlfcn_h=yes
ac_cv_header_inttypes_h=yes
ac_cv_header_memory_h=yes
ac_cv_header_netdb_h=yes
ac_cv_header_netinet_tcp_h=yes
ac_cv_header_stdc=yes
ac_cv_header_stdint_h=yes
ac_cv_header_stdlib_h=yes
ac_cv_header_string_h=yes
ac_cv_header_strings_h=yes
ac_cv_header_sys_stat_h=yes
ac_cv_header_sys_types_h=yes
ac_cv_header_unistd_h=yes
ac_cv_host=x86_64-pc-linux-gnu
ac_cv_objext=o
ac_cv_path_EGREP='/bin/grep -E'
ac_cv_path_FGREP='/bin/grep -F'
ac_cv_path_GREP=/bin/grep
ac_cv_path_SED=/bin/sed
ac_cv_path_install='/usr/bin/install -c'
ac_cv_path_lt_DD=/bin/dd
ac_cv_path_mkdir=/bin/mkdir
ac_cv_prog_AWK=mawk
ac_cv_prog_CPP='gcc -E'
ac_cv_prog_CXXCPP='g++ -E'
ac_cv_prog_ac_ct_AR=ar
ac_cv_prog_ac_ct_CC=gcc
ac_cv_prog_ac_ct_CXX=g++
ac_cv_prog_ac_ct_MANIFEST_TOOL=mt
ac_cv_prog_ac_ct_OBJDUMP=objdump
ac_cv_prog_ac_ct_RANLIB=ranlib
ac_cv_prog_ac_ct_STRIP=strip
ac_cv_prog_cc_c89=
ac_cv_prog_cc_g=yes
ac_cv_prog_cxx_g=yes
ac_cv_prog_make_make_set=yes
am_cv_CC_dependencies_compiler_type=gcc3
am_cv_CXX_dependencies_compiler_type=gcc3
am_cv_make_support_nested_variables=yes
am_cv_prog_cc_c_o=yes
ax_cv_PTHREAD_PRIO_INHERIT=yes
ax_cv_cxx_compile_cxx11=no
ax_cv_cxx_compile_cxx11__std_cpp11=yes
ax_cv_user_namespace=yes
ax_cv_uts_namespace=yes
lt_cv_ar_at_file=@
lt_cv_archive_cmds_need_lc=no
lt_cv_deplibs_check_method=pass_all
lt_cv_file_magic_cmd='$MAGIC_CMD'
lt_cv_file_magic_test_file=
lt_cv_ld_reload_flag=-r
lt_cv_nm_interface='BSD nm'
lt_cv_objdir=.libs
lt_cv_path_LD=/usr/bin/ld
lt_cv_path_LDCXX='/usr/bin/ld -m elf_x86_64'
lt_cv_path_NM='/usr/bin/nm -B'
lt_cv_path_mainfest_tool=no
lt_cv_prog_compiler_c_o=yes
lt_cv_prog_compiler_c_o_CXX=yes
lt_cv_prog_compiler_pic='-fPIC -DPIC'
lt_cv_prog_compiler_pic_CXX='-fPIC -DPIC'
lt_cv_prog_compiler_pic_works=yes
lt_cv_prog_compiler_pic_works_CXX=yes
lt_cv_prog_compiler_rtti_exceptions=no
lt_cv_prog_compiler_static_works=yes
lt_cv_prog_compiler_static_works_CXX=yes
lt_cv_prog_gnu_ld=yes
lt_cv_prog_gnu_ldcxx=yes
lt_cv_sharedlib_from_linklib_cmd='printf %s\n'
lt_cv_shlibpath_overrides_runpath=no
lt_cv_sys_global_symbol_pipe='sed -n -e '\''s/^.*[	 ]\([ABCDGIRSTW][ABCDGIRSTW]*\)[	 ][	 ]*\([_A-Za-z][_A-Za-z0-9]*\)$/\1 \2 \2/p'\'' | sed '\''/ __gnu_lto/d'\'''
lt_cv_sys_global_symbol_to_c_name_address='sed -n -e '\''s/^: \(.*\) .*$/  {"\1", (void *) 0},/p'\'' -e '\''s/^[ABCDGIRSTW][ABCDGIRSTW]* .* \(.*\)$/  {"\1", (void *) \&\1},/p'\'''
lt_cv_sys_global_symbol_to_c_name_address_lib_prefix='sed -n -e '\''s/^: \(.*\) .*$/  {"\1", (void *) 0},/p'\'' -e '\''s/^[ABCDGIRSTW][ABCDGIRSTW]* .* \(lib.*\)$/  {"\1", (void *) \&\1},/p'\'' -e '\''s/^[ABCDGIRSTW][ABCDGIRSTW]* .* \(.*\)$/  {"lib\1", (void *) \&\1},/p'\'''
lt_cv_sys_global_symbol_to_cdecl='sed -n -e '\''s/^T .* \(.*\)$/extern int \1();/p'\'' -e '\''s/^[ABCDGIRSTW][ABCDGIRSTW]* .* \(.*\)$/extern char \1;/p'\'''
lt_cv_sys_global_symbol_to_import=
lt_cv_sys_max_cmd_len=1572864
lt_cv_to_host_file_cmd=func_convert_file_noop
lt_cv_to_tool_file_cmd=func_convert_file_noop
lt_cv_truncate_bin='/bin/dd bs=4096 count=1'

## ----------------- ##
## Output variables. ##
## ----------------- ##

ACLOCAL='${SHELL} /home/jay/Projects/Smart/libs/c-ares-1.12.0/missing aclocal-1.15'
AMDEPBACKSLASH='\'
AMDEP_FALSE='#'
AMDEP_TRUE=''
AMTAR='$${TAR-tar}'
AM_BACKSLASH='\'
AM_DEFAULT_V='$(AM_DEFAULT_VERBOSITY)'
AM_DEFAULT_VERBOSITY='0'
AM_V='$(V)'
AR='ar'
AUTOCONF='${SHELL} /home/jay/Projects/Smart/libs/c-ares-1.12.0/missing autoconf'
AUTOHEADER='${SHELL} /home/jay/Projects/Smart/libs/c-ares-1.12.0/missing autoheader'
AUTOMAKE='${SHELL} /home/jay/Projects/Smart/libs/c-ares-1.12.0/missing automake-1.15'
AWK='mawk'
CC='gcc'
CCDEPMODE='depmode=gcc3'
CFLAGS='-g -O2'
CODE_COVERAGE_CFLAGS=''
CODE_COVERAGE_ENABLED='no'
CODE_COVERAGE_ENABLED_FALSE=''
CODE_COVERAGE_ENABLED_TRUE='#'
CODE_COVERAGE_LDFLAGS=''
CODE_COVERAGE_RULES=''
CPP='gcc -E'
CPPFLAGS=''
CXX='g++'
CXXCPP='g++ -E'
CXXDEPMODE='depmode=gcc3'
CXXFLAGS='-g -O2 -std=c++11'
CYGPATH_W='echo'
DEFS='-DHAVE_CONFIG_H'
DEPDIR='.deps'
DLLTOOL='false'
DSYMUTIL=''
DUMPBIN=''
ECHO_C=''
ECHO_N='-n'
ECHO_T=''
EGREP='/bin/grep -E'
EXEEXT=''
FGREP='/bin/grep -F'
GCOV=''
GENHTML=''
GREP='/bin/grep'
HAVE_CXX11=''
INSTALL_DATA='${INSTALL} -m 644'
INSTALL_PROGRAM='${INSTALL}'
INSTALL_SCRIPT='${INSTALL}'
INSTALL_STRIP_PROGRAM='$(install_sh) -c -s'
LCOV=''
LD='/usr/bin/ld -m elf_x86_64'
LDFLAGS=''
LIBOBJS=''
LIBS=''
LIBTOOL='$(SHELL) $(top_builddir)/libtool'
LIBTOOL_DEPS='./../ltmain.sh'
LIPO=''
LN_S='ln -s'
LTLIBOBJS=''
LT_SYS_LIBRARY_PATH=''
MAKEINFO='${SHELL} /home/jay/Projects/Smart/libs/c-ares-1.12.0/missing makeinfo'
MANIFEST_TOOL=':'
MKDIR_P='/bin/mkdir -p'
NM='/usr/bin/nm -B'
NMEDIT=''
OBJDUMP='objdump'
OBJEXT='o'
OTOOL64=''
OTOOL=''
PACKAGE='c-ares-test'
PACKAGE_BUGREPORT='-'
PACKAGE_NAME='c-ares-test'
PACKAGE_STRING='c-ares-test -'
PACKAGE_TARNAME='c-ares-test'
PACKAGE_URL=''
PACKAGE_VERSION='-'
PATH_SEPARATOR=':'
PTHREAD_CC='gcc'
PTHREAD_CFLAGS='-pthread'
PTHREAD_LIBS=''
RANLIB='ranlib'
SED='/bin/sed'
SET_MAKE=''
SHELL='/bin/bash'
STRIP='strip'
VERSION='-'
ac_ct_AR='ar'
ac_ct_CC='gcc'
ac_ct_CXX='g++'
ac_ct_DUMPBIN=''
am__EXEEXT_FALSE=''
am__EXEEXT_TRUE='#'
am__fastdepCC_FALSE='#'
am__fastdepCC_TRUE=''
am__fastdepCXX_FALSE='#'
am__fastdepCXX_TRUE=''
am__include='include'
am__isrc=''
am__leading_dot='.'
am__nodep='_no'
am__quote=''
am__tar='$${TAR-tar} chof - "$$tardir"'
am__untar='$${TAR-tar} xf -'
ax_pthread_config=''
bindir='${exec_prefix}/bin'
build='x86_64-pc-linux-gnu'
build_alias=''
build_cpu='x86_64'
build_os='linux-gnu'
build_vendor='pc'
datadir='${datarootdir}'
datarootdir='${prefix}/share'
docdir='${datarootdir}/doc/${PACKAGE_TARNAME}'
dvidir='${docdir}'
exec_prefix='${prefix}'
host='x86_64-pc-linux-gnu'
host_alias=''
host_cpu='x86_64'
host_os='linux-gnu'
host_vendor='pc'
htmldir='${docdir}'
includedir='${prefix}/include'
infodir='${datarootdir}/info'
install_sh='${SHELL} /home/jay/Projects/Smart/libs/c-ares-1.12.0/install-sh'
libdir='${exec_prefix}/lib'
libexecdir='${exec_prefix}/libexec'
localedir='${datarootdir}/locale'
localstatedir='${prefix}/var'
mandir='${datarootdir}/man'
mkdir_p='$(MKDIR_P)'
oldincludedir='/usr/include'
pdfdir='${docdir}'
prefix='/home/jay/Projects/Smart/libs/target/x86'
program_transform_name='s,x,x,'
psdir='${docdir}'
runstatedir='${localstatedir}/run'
sbindir='${exec_prefix}/sbin'
sharedstatedir='${prefix}/com'
sysconfdir='${prefix}/etc'
target_alias=''

## ----------- ##
## confdefs.h. ##
## ----------- ##

/* confdefs.h */
#define PACKAGE_NAME "c-ares-test"
#define PACKAGE_TARNAME "c-ares-test"
#define PACKAGE_VERSION "-"
#define PACKAGE_STRING "c-ares-test -"
#define PACKAGE_BUGREPORT "-"
#define PACKAGE_URL ""
#define STDC_HEADERS 1
#define HAVE_SYS_TYPES_H 1
#define HAVE_SYS_STAT_H 1
#define HAVE_STDLIB_H 1
#define HAVE_STRING_H 1
#define HAVE_MEMORY_H 1
#define HAVE_STRINGS_H 1
#define HAVE_INTTYPES_H 1
#define HAVE_STDINT_H 1
#define HAVE_UNISTD_H 1
#define HAVE_DLFCN_H 1
#define LT_OBJDIR ".libs/"
#define HAVE_PTHREAD_PRIO_INHERIT 1
#define HAVE_PTHREAD 1
#define HAVE_USER_NAMESPACE 1
#define HAVE_UTS_NAMESPACE 1
#define HAVE_NETDB_H 1
#define HAVE_NETINET_TCP_H 1

configure: exit 0
